2018-06-05 12:15:17 INFO  rootLogger:232 - Class: Hooks; Method: setUp
2018-06-05 12:15:17 INFO  rootLogger:232 - Scenario: Verify Adding Offers starting.
2018-06-05 12:15:17 INFO  rootLogger:232 - Scenario Tag Name: @Sanity
2018-06-05 12:15:17 INFO  rootLogger:232 - Class: LoginStepdefs; Method: applicationLogin : Start
2018-06-05 12:15:17 INFO  rootLogger:232 - Class: Hooks; Method: openBrowser
2018-06-05 12:15:17 INFO  rootLogger:232 - userName: admin@huddil.com
2018-06-05 12:15:17 INFO  rootLogger:232 - Class: SetUpFile; Method: constructor
2018-06-05 12:15:17 INFO  rootLogger:232 - Initializing JSON files
2018-06-05 12:15:17 INFO  rootLogger:232 - Class: SetUpFile; Method: setUpBrowser
2018-06-05 12:15:20 INFO  rootLogger:232 - ChromeDriver initialized
2018-06-05 12:15:22 INFO  rootLogger:232 - Class: Hooks; Method: setDriver
2018-06-05 12:15:22 INFO  rootLogger:232 - get driver object
2018-06-05 12:15:22 INFO  rootLogger:232 - Class: SetUpFile; Method: openURL
2018-06-05 12:16:32 INFO  rootLogger:232 - Class: SetUpFile; Method: logInApplication
2018-06-05 12:16:32 INFO  rootLogger:232 - Class: UtilFunctions; Method: getJSONFileObjBasedOnPageName
2018-06-05 12:16:32 INFO  rootLogger:232 - Class: UtilFunctions; Method: getElementFromJSONFile
2018-06-05 12:16:32 INFO  rootLogger:232 - Return: username
2018-06-05 12:16:32 INFO  rootLogger:232 - Class: UtilFunctions; Method: getElementFromJSONFile
2018-06-05 12:16:32 INFO  rootLogger:232 - Return: password
2018-06-05 12:16:32 INFO  rootLogger:232 - Class: UtilFunctions; Method: getElementFromJSONFile
2018-06-05 12:16:32 INFO  rootLogger:232 - Return: null
2018-06-05 12:16:32 INFO  rootLogger:232 - Class: SeleniumFunctions; Method: findElement
2018-06-05 12:16:32 INFO  rootLogger:232 - Class: SeleniumFunctions; Method: explicitWait
2018-06-05 12:16:32 INFO  rootLogger:232 - frame: 
2018-06-05 12:16:33 INFO  rootLogger:232 - UserName: admin@huddil.com entered
2018-06-05 12:16:33 INFO  rootLogger:232 - Class: SeleniumFunctions; Method: findElement
2018-06-05 12:16:33 INFO  rootLogger:232 - Class: SeleniumFunctions; Method: explicitWait
2018-06-05 12:16:33 INFO  rootLogger:232 - frame: 
2018-06-05 12:16:33 INFO  rootLogger:232 - Password: password entered
2018-06-05 12:16:33 INFO  rootLogger:232 - Class: UtilFunctions; Method: getElementFromJSONFile
2018-06-05 12:16:33 INFO  rootLogger:232 - Return: //button[@class='consumerModuleButtons submitButton' and text()='Sign in']
2018-06-05 12:16:33 INFO  rootLogger:232 - Class: SeleniumFunctions; Method: setByValues
2018-06-05 12:16:33 INFO  rootLogger:232 - propField: //button[@class='consumerModuleButtons submitButton' and text()='Sign in']
2018-06-05 12:16:33 INFO  rootLogger:232 - switchType: xpath
2018-06-05 12:16:33 INFO  rootLogger:232 - switchValue: //button[@class='consumerModuleButtons submitButton' and text()='Sign in']
2018-06-05 12:16:33 INFO  rootLogger:232 - Class: SeleniumFunctions; Method: findElement
2018-06-05 12:16:33 INFO  rootLogger:232 - Class: SeleniumFunctions; Method: explicitWait
2018-06-05 12:16:33 INFO  rootLogger:232 - frame: 
2018-06-05 12:16:35 INFO  rootLogger:232 - Login button clicked
2018-06-05 12:16:35 INFO  rootLogger:232 - Class: SeleniumFunctions; Method: switchToNewWindow
2018-06-05 12:16:35 INFO  rootLogger:232 - parentWindow: CDwindow-54A6B127DC939F9EF77BD07403D3C872
2018-06-05 12:16:35 INFO  rootLogger:232 - windowHandle: CDwindow-54A6B127DC939F9EF77BD07403D3C872
2018-06-05 12:16:35 INFO  rootLogger:232 - Class: Hooks; Method: setDriver
2018-06-05 12:16:35 INFO  rootLogger:232 - get driver object
2018-06-05 12:16:35 INFO  rootLogger:232 - Class: LoginStepdefs; Method: applicationLogin : Complete
2018-06-05 12:16:35 INFO  rootLogger:232 - Class: GlobalStepdefs; Method: checkPageLoad : Start
2018-06-05 12:16:35 INFO  rootLogger:232 - Class: Hooks; Method: getDriver
2018-06-05 12:16:35 INFO  rootLogger:232 - get driver object
2018-06-05 12:16:35 INFO  rootLogger:232 - Class: Page; Method: findPage
2018-06-05 12:16:35 INFO  rootLogger:232 - Current tab name: Admin
2018-06-05 12:16:35 INFO  rootLogger:232 - PaneName: Admin
2018-06-05 12:16:35 INFO  rootLogger:232 - Class: UtilFunctions; Method: getJSONFileObjBasedOnPageName
2018-06-05 12:16:35 INFO  rootLogger:232 - Class: UtilFunctions; Method: getElementFromJSONFile
2018-06-05 12:16:35 INFO  rootLogger:232 - Exception: null
2018-06-05 12:16:35 INFO  rootLogger:232 - Pane xpath: null
2018-06-05 12:16:35 INFO  rootLogger:232 - Class: Hooks; Method: getDriver
2018-06-05 12:16:35 INFO  rootLogger:232 - get driver object
2018-06-05 12:16:35 INFO  rootLogger:232 - Class: SeleniumFunctions; Method: explicitWait
2018-06-05 12:16:35 INFO  rootLogger:232 - frame: 
2018-06-05 12:16:35 INFO  rootLogger:232 - Class: SeleniumFunctions; Method: findElement
2018-06-05 12:16:35 INFO  rootLogger:232 - Class: SeleniumFunctions; Method: explicitWait
2018-06-05 12:16:35 INFO  rootLogger:232 - frame: 
2018-06-05 12:16:36 INFO  rootLogger:232 - Class: GlobalStepdefs; Method: checkPageLoad : Complete
2018-06-05 12:16:36 INFO  rootLogger:232 - Class: GlobalStepdefs; Method: clickMiscElement : Start
2018-06-05 12:16:36 INFO  rootLogger:232 - Pagename: Admin
2018-06-05 12:16:36 INFO  rootLogger:232 - Class: Hooks; Method: getDriver
2018-06-05 12:16:36 INFO  rootLogger:232 - get driver object
2018-06-05 12:16:36 INFO  rootLogger:232 - Class: Page; Method: clickMiscElement
2018-06-05 12:16:36 INFO  rootLogger:232 - Current tab name: Admin
2018-06-05 12:16:36 INFO  rootLogger:232 - ImageName: Offers
2018-06-05 12:16:36 INFO  rootLogger:232 - Class: UtilFunctions; Method: getJSONFileObjBasedOnPageName
2018-06-05 12:16:36 INFO  rootLogger:232 - Class: UtilFunctions; Method: getElementStringAndType
2018-06-05 12:16:36 INFO  rootLogger:232 - Class: UtilFunctions; Method: getElementFromJSONFile
2018-06-05 12:16:36 INFO  rootLogger:232 - Return: //div[contains (@class,  'sideMenuItem') and child::p[text()='Offers']]
2018-06-05 12:16:36 INFO  rootLogger:232 - Class: UtilFunctions; Method: getElementFromJSONFile
2018-06-05 12:16:36 INFO  rootLogger:232 - Return: //div[contains (@class,  'sideMenuItem') and child::p[text()='Offers']]
2018-06-05 12:16:36 INFO  rootLogger:232 - xpath present
2018-06-05 12:16:36 INFO  rootLogger:232 - Class: SeleniumFunctions; Method: explicitWait
2018-06-05 12:16:36 INFO  rootLogger:232 - frame: //div[contains (@class,  'sideMenuItem') and child::p[text()='Offers']];xpath
2018-06-05 12:16:38 INFO  rootLogger:232 - Class: SeleniumFunctions; Method: setByValues
2018-06-05 12:16:38 INFO  rootLogger:232 - propField: //div[contains (@class,  'sideMenuItem') and child::p[text()='Offers']];xpath
2018-06-05 12:16:38 INFO  rootLogger:232 - switchType: xpath
2018-06-05 12:16:38 INFO  rootLogger:232 - switchValue: //div[contains (@class,  'sideMenuItem') and child::p[text()='Offers']]
2018-06-05 12:16:38 INFO  rootLogger:232 - Class: SeleniumFunctions; Method: findElement
2018-06-05 12:16:38 INFO  rootLogger:232 - Class: SeleniumFunctions; Method: explicitWait
2018-06-05 12:16:38 INFO  rootLogger:232 - frame: 
2018-06-05 12:16:39 INFO  rootLogger:232 - Element: 'Offers' exist and clicked. Returning true.
2018-06-05 12:16:39 INFO  rootLogger:232 - Class: GlobalStepdefs; Method: enterInTheField : Start
2018-06-05 12:16:39 INFO  rootLogger:232 - Class: Hooks; Method: getDriver
2018-06-05 12:16:39 INFO  rootLogger:232 - get driver object
2018-06-05 12:16:39 INFO  rootLogger:232 - Class: Page; Method: setTextBox
2018-06-05 12:16:39 INFO  rootLogger:232 - Current page name: Admin
2018-06-05 12:16:39 INFO  rootLogger:232 - Text box field name: FromOfferDate
2018-06-05 12:16:39 INFO  rootLogger:232 - Class: UtilFunctions; Method: getJSONFileObjBasedOnPageName
2018-06-05 12:16:39 INFO  rootLogger:232 - Class: UtilFunctions; Method: getElementStringAndType
2018-06-05 12:16:39 INFO  rootLogger:232 - Class: UtilFunctions; Method: getElementFromJSONFile
2018-06-05 12:16:39 INFO  rootLogger:232 - Return: null
2018-06-05 12:16:39 INFO  rootLogger:232 - Class: UtilFunctions; Method: getElementFromJSONFile
2018-06-05 12:16:39 INFO  rootLogger:232 - Return: offerDateStart
2018-06-05 12:16:39 INFO  rootLogger:232 - Class: UtilFunctions; Method: getElementFromJSONFile
2018-06-05 12:16:39 INFO  rootLogger:232 - Return: offerDateStart
2018-06-05 12:16:39 INFO  rootLogger:232 - id present
2018-06-05 12:16:39 INFO  rootLogger:232 - Text box textPath: offerDateStart
2018-06-05 12:16:39 INFO  rootLogger:232 - Text box textMethod: id
2018-06-05 12:16:40 INFO  rootLogger:232 - Class: Hooks; Method: getDriver
2018-06-05 12:16:40 INFO  rootLogger:232 - get driver object
2018-06-05 12:16:40 INFO  rootLogger:232 - Class: SeleniumFunctions; Method: setByValues
2018-06-05 12:16:40 INFO  rootLogger:232 - propField: offerDateStart;id
2018-06-05 12:16:40 INFO  rootLogger:232 - switchType: id
2018-06-05 12:16:40 INFO  rootLogger:232 - switchValue: offerDateStart
2018-06-05 12:16:40 INFO  rootLogger:232 - Class: SeleniumFunctions; Method: findElement
2018-06-05 12:16:40 INFO  rootLogger:232 - Class: SeleniumFunctions; Method: explicitWait
2018-06-05 12:16:40 INFO  rootLogger:232 - frame: 
2018-06-05 12:16:41 INFO  rootLogger:232 - Trying again. Exception: invalid element state: Element must be user-editable in order to clear it.
  (Session info: chrome=66.0.3359.181)
  (Driver info: chromedriver=2.35.528161 (5b82f2d2aae0ca24b877009200ced9065a772e73),platform=Windows NT 6.1.7601 SP1 x86_64) (WARNING: The server did not provide any stacktrace information)
Command duration or timeout: 0 milliseconds
Build info: version: '3.5.3', revision: 'a88d25fe6b', time: '2017-08-29T12:42:44.417Z'
System info: host: 'LENOVO-PC', ip: '192.168.3.132', os.name: 'Windows 7', os.arch: 'amd64', os.version: '6.1', java.version: '1.8.0_162'
Driver info: org.openqa.selenium.chrome.ChromeDriver
Capabilities [{mobileEmulationEnabled=false, hasTouchScreen=false, platform=XP, acceptSslCerts=false, acceptInsecureCerts=false, webStorageEnabled=true, browserName=chrome, takesScreenshot=true, javascriptEnabled=true, platformName=XP, setWindowRect=true, unexpectedAlertBehaviour=, applicationCacheEnabled=false, rotatable=false, networkConnectionEnabled=false, chrome={chromedriverVersion=2.35.528161 (5b82f2d2aae0ca24b877009200ced9065a772e73), userDataDir=C:\Users\Lenovo\AppData\Local\Temp\scoped_dir5896_10908}, takesHeapSnapshot=true, pageLoadStrategy=normal, unhandledPromptBehavior=, databaseEnabled=false, handlesAlerts=true, version=66.0.3359.181, browserConnectionEnabled=false, nativeEvents=true, locationContextEnabled=true, cssSelectorsEnabled=true}]
Session ID: 4e9b6efcf2797b75783f6e3cd14a33b1
2018-06-05 12:16:41 INFO  rootLogger:232 - Recursive calling of the function.
2018-06-05 12:16:41 INFO  rootLogger:232 - Class: Page; Method: setTextBox
2018-06-05 12:16:41 INFO  rootLogger:232 - Current page name: Admin
2018-06-05 12:16:41 INFO  rootLogger:232 - Text box field name: FromOfferDate
2018-06-05 12:16:41 INFO  rootLogger:232 - Class: UtilFunctions; Method: getJSONFileObjBasedOnPageName
2018-06-05 12:16:41 INFO  rootLogger:232 - Class: UtilFunctions; Method: getElementStringAndType
2018-06-05 12:16:41 INFO  rootLogger:232 - Class: UtilFunctions; Method: getElementFromJSONFile
2018-06-05 12:16:41 INFO  rootLogger:232 - Return: null
2018-06-05 12:16:41 INFO  rootLogger:232 - Class: UtilFunctions; Method: getElementFromJSONFile
2018-06-05 12:16:41 INFO  rootLogger:232 - Return: offerDateStart
2018-06-05 12:16:41 INFO  rootLogger:232 - Class: UtilFunctions; Method: getElementFromJSONFile
2018-06-05 12:16:41 INFO  rootLogger:232 - Return: offerDateStart
2018-06-05 12:16:41 INFO  rootLogger:232 - id present
2018-06-05 12:16:41 INFO  rootLogger:232 - Text box textPath: offerDateStart
2018-06-05 12:16:41 INFO  rootLogger:232 - Text box textMethod: id
2018-06-05 12:16:42 INFO  rootLogger:232 - Class: Hooks; Method: getDriver
2018-06-05 12:16:42 INFO  rootLogger:232 - get driver object
2018-06-05 12:16:42 INFO  rootLogger:232 - Class: SeleniumFunctions; Method: setByValues
2018-06-05 12:16:42 INFO  rootLogger:232 - propField: offerDateStart;id
2018-06-05 12:16:42 INFO  rootLogger:232 - switchType: id
2018-06-05 12:16:42 INFO  rootLogger:232 - switchValue: offerDateStart
2018-06-05 12:16:42 INFO  rootLogger:232 - Class: SeleniumFunctions; Method: findElement
2018-06-05 12:16:42 INFO  rootLogger:232 - Class: SeleniumFunctions; Method: explicitWait
2018-06-05 12:16:42 INFO  rootLogger:232 - frame: 
2018-06-05 12:16:42 INFO  rootLogger:232 - Trying again. Exception: invalid element state: Element must be user-editable in order to clear it.
  (Session info: chrome=66.0.3359.181)
  (Driver info: chromedriver=2.35.528161 (5b82f2d2aae0ca24b877009200ced9065a772e73),platform=Windows NT 6.1.7601 SP1 x86_64) (WARNING: The server did not provide any stacktrace information)
Command duration or timeout: 0 milliseconds
Build info: version: '3.5.3', revision: 'a88d25fe6b', time: '2017-08-29T12:42:44.417Z'
System info: host: 'LENOVO-PC', ip: '192.168.3.132', os.name: 'Windows 7', os.arch: 'amd64', os.version: '6.1', java.version: '1.8.0_162'
Driver info: org.openqa.selenium.chrome.ChromeDriver
Capabilities [{mobileEmulationEnabled=false, hasTouchScreen=false, platform=XP, acceptSslCerts=false, acceptInsecureCerts=false, webStorageEnabled=true, browserName=chrome, takesScreenshot=true, javascriptEnabled=true, platformName=XP, setWindowRect=true, unexpectedAlertBehaviour=, applicationCacheEnabled=false, rotatable=false, networkConnectionEnabled=false, chrome={chromedriverVersion=2.35.528161 (5b82f2d2aae0ca24b877009200ced9065a772e73), userDataDir=C:\Users\Lenovo\AppData\Local\Temp\scoped_dir5896_10908}, takesHeapSnapshot=true, pageLoadStrategy=normal, unhandledPromptBehavior=, databaseEnabled=false, handlesAlerts=true, version=66.0.3359.181, browserConnectionEnabled=false, nativeEvents=true, locationContextEnabled=true, cssSelectorsEnabled=true}]
Session ID: 4e9b6efcf2797b75783f6e3cd14a33b1
2018-06-05 12:16:42 INFO  rootLogger:232 - Class: Hooks; Method: closeBrowserAndTakeScreenShot
2018-06-05 12:16:42 INFO  rootLogger:232 - Scenario: Verify Adding Offers - Failed
2018-06-05 12:16:42 INFO  rootLogger:232 - Class: Hooks; Method: takeScreenShot
2018-06-05 12:16:43 INFO  rootLogger:232 - Browser closed
2018-06-05 12:16:43 INFO  rootLogger:232 - Tried to kill process with PID: 6976
2018-06-05 12:16:43 INFO  rootLogger:232 - Scenario: Verify Adding Offers complete.
